<?xml version="1.0" encoding="UTF-8"?>
<testng-results ignored="0" total="1" passed="1" failed="0" skipped="0">
  <reporter-output>
  </reporter-output>
  <suite started-at="2026-02-06T12:27:52 IST" name="Default suite" finished-at="2026-02-06T12:28:51 IST" duration-ms="59120">
    <groups>
    </groups>
    <test started-at="2026-02-06T12:27:52 IST" name="Default test" finished-at="2026-02-06T12:28:51 IST" duration-ms="59120">
      <class name="com.orhrm.tests.TC003Test">
        <test-method is-config="true" signature="initReport()[pri:0, instance:com.orhrm.tests.TC003Test@26b3fd41]" started-at="2026-02-06T12:27:52 IST" name="initReport" finished-at="2026-02-06T12:27:52 IST" duration-ms="257" status="PASS">
          <reporter-output>
          </reporter-output>
        </test-method> <!-- initReport -->
        <test-method is-config="true" signature="setUpClass()[pri:0, instance:com.orhrm.tests.TC003Test@26b3fd41]" started-at="2026-02-06T12:27:52 IST" name="setUpClass" finished-at="2026-02-06T12:27:52 IST" duration-ms="0" status="PASS">
          <reporter-output>
          </reporter-output>
        </test-method> <!-- setUpClass -->
        <test-method is-config="true" signature="setUp(java.lang.reflect.Method)[pri:0, instance:com.orhrm.tests.TC003Test@26b3fd41]" started-at="2026-02-06T12:27:52 IST" name="setUp" finished-at="2026-02-06T12:27:58 IST" duration-ms="5581" status="PASS">
          <params>
            <param index="0">
              <value>
                <![CDATA[public void com.orhrm.tests.TC003Test.tC003() throws java.io.IOException]]>
              </value>
            </param>
          </params>
          <reporter-output>
          </reporter-output>
        </test-method> <!-- setUp -->
        <test-method signature="tC003()[pri:0, instance:com.orhrm.tests.TC003Test@26b3fd41]" started-at="2026-02-06T12:27:58 IST" name="tC003" finished-at="2026-02-06T12:28:49 IST" duration-ms="51448" status="PASS">
          <reporter-output>
          </reporter-output>
        </test-method> <!-- tC003 -->
        <test-method is-config="true" signature="tearDown(org.testng.ITestResult)[pri:0, instance:com.orhrm.tests.TC003Test@26b3fd41]" started-at="2026-02-06T12:28:49 IST" name="tearDown" finished-at="2026-02-06T12:28:51 IST" duration-ms="2042" status="PASS">
          <params>
            <param index="0">
              <value>
                <![CDATA[[TestResult name=tC003 status=SUCCESS method=TC003Test.tC003()[pri:0, instance:com.orhrm.tests.TC003Test@26b3fd41] output={null}]]]>
              </value>
            </param>
          </params>
          <reporter-output>
          </reporter-output>
        </test-method> <!-- tearDown -->
        <test-method is-config="true" signature="flushReport()[pri:0, instance:com.orhrm.tests.TC003Test@26b3fd41]" started-at="2026-02-06T12:28:51 IST" name="flushReport" finished-at="2026-02-06T12:28:51 IST" duration-ms="14" status="PASS">
          <reporter-output>
          </reporter-output>
        </test-method> <!-- flushReport -->
      </class> <!-- com.orhrm.tests.TC003Test -->
    </test> <!-- Default test -->
  </suite> <!-- Default suite -->
</testng-results>
