<?xml version="1.0" encoding="UTF-8"?>
<testng-results ignored="0" total="1" passed="1" failed="0" skipped="0">
  <reporter-output>
  </reporter-output>
  <suite started-at="2026-01-30T09:34:36 IST" name="Default suite" finished-at="2026-01-30T09:34:38 IST" duration-ms="2633">
    <groups>
    </groups>
    <test started-at="2026-01-30T09:34:36 IST" name="Default test" finished-at="2026-01-30T09:34:38 IST" duration-ms="2633">
      <class name="RestAPITesting.Get_User">
        <test-method signature="getUser()[pri:0, instance:RestAPITesting.Get_User@1165b38]" started-at="2026-01-30T09:34:36 IST" name="getUser" finished-at="2026-01-30T09:34:38 IST" duration-ms="2590" status="PASS">
          <reporter-output>
          </reporter-output>
        </test-method> <!-- getUser -->
      </class> <!-- RestAPITesting.Get_User -->
    </test> <!-- Default test -->
  </suite> <!-- Default suite -->
</testng-results>
