<?xml version="1.0" encoding="UTF-8"?>
<!-- Generated by org.testng.reporters.JUnitReportReporter -->
<testsuite hostname="LP-TZD-5X45734" failures="0" tests="2" name="SeleniumPack.TC_TestNGTest_PageFactory" time="22.200" errors="0" timestamp="2026-02-06T10:07:17 IST" skipped="0">
  <testcase classname="SeleniumPack.TC_TestNGTest_PageFactory" name="f" time="11.207"/>
  <testcase classname="SeleniumPack.TC_TestNGTest_PageFactory" name="f" time="10.993"/>
</testsuite> <!-- SeleniumPack.TC_TestNGTest_PageFactory -->
